[     724ms] [LOG] performanceInit START Tue Apr 07 2026 15:04:17 GMT+0200 (Mitteleuropäische Sommerzeit) 17 297 @ chrome-extension://eelacikjiplnmdingehjfdjcfegclmkg/content-script.js:320
[     724ms] [LOG] BODY START Tue Apr 07 2026 15:04:17 GMT+0200 (Mitteleuropäische Sommerzeit) 17 297 @ chrome-extension://eelacikjiplnmdingehjfdjcfegclmkg/content-script.js:322
[     725ms] [LOG] BODY END Tue Apr 07 2026 15:04:17 GMT+0200 (Mitteleuropäische Sommerzeit) 17 298 @ chrome-extension://eelacikjiplnmdingehjfdjcfegclmkg/content-script.js:326
[    1264ms] [ERROR] Failed to load resource: net::ERR_BLOCKED_BY_CLIENT @ https://www.firecrawl.dev/monitoring?o=4510354045468672&p=4510354057330688&r=us:0
[    1291ms] [ERROR] Failed to load resource: net::ERR_BLOCKED_BY_CLIENT @ https://us-assets.i.posthog.com/static/posthog-recorder.js?v=1.255.1:0
[    1324ms] [ERROR] Failed to load resource: net::ERR_BLOCKED_BY_CLIENT @ https://us.i.posthog.com/e/?ip=1&_=1775567057880&ver=1.255.1&compression=gzip-js:0
[    1344ms] [ERROR] Failed to load resource: net::ERR_BLOCKED_BY_CLIENT @ https://www.firecrawl.dev/_vercel/insights/script.js:0
[    1361ms] [LOG] [Vercel Web Analytics] Failed to load script from /_vercel/insights/script.js. Be sure to enable Web Analytics for your project and deploy again. See https://vercel.com/docs/analytics/quickstart for more information. @ https://www.firecrawl.dev/_next/static/chunks/e1d3794ea6523fea.js?dpl=dpl_4Ynhxny5ZxajwvGYRLdcYrYWRHdx:18
[    1364ms] [LOG] performanceInit START Tue Apr 07 2026 15:04:17 GMT+0200 (Mitteleuropäische Sommerzeit) 17 937 @ chrome-extension://eelacikjiplnmdingehjfdjcfegclmkg/content-script.js:320
[    1364ms] [LOG] BODY START Tue Apr 07 2026 15:04:17 GMT+0200 (Mitteleuropäische Sommerzeit) 17 938 @ chrome-extension://eelacikjiplnmdingehjfdjcfegclmkg/content-script.js:322
[    1365ms] [LOG] BODY END Tue Apr 07 2026 15:04:17 GMT+0200 (Mitteleuropäische Sommerzeit) 17 938 @ chrome-extension://eelacikjiplnmdingehjfdjcfegclmkg/content-script.js:326
[    1380ms] [ERROR] Failed to load resource: net::ERR_BLOCKED_BY_CLIENT @ https://www.firecrawl.dev/_vercel/speed-insights/script.js:0
[    1381ms] [LOG] [Vercel Speed Insights] Failed to load script from /_vercel/speed-insights/script.js. Please check if any content blockers are enabled and try again. @ https://www.firecrawl.dev/_next/static/chunks/e1d3794ea6523fea.js?dpl=dpl_4Ynhxny5ZxajwvGYRLdcYrYWRHdx:18
[    1682ms] [ERROR] Failed to load resource: net::ERR_BLOCKED_BY_CLIENT @ https://www.firecrawl.dev/monitoring?o=4510354045468672&p=4510354057330688&r=us:0
[    1690ms] [ERROR] Failed to load resource: net::ERR_BLOCKED_BY_CLIENT @ https://www.firecrawl.dev/monitoring?o=4510354045468672&p=4510354057330688&r=us:0
[    1700ms] [LOG] performanceInit START Tue Apr 07 2026 15:04:18 GMT+0200 (Mitteleuropäische Sommerzeit) 18 273 @ chrome-extension://eelacikjiplnmdingehjfdjcfegclmkg/content-script.js:320
[    1700ms] [LOG] BODY START Tue Apr 07 2026 15:04:18 GMT+0200 (Mitteleuropäische Sommerzeit) 18 274 @ chrome-extension://eelacikjiplnmdingehjfdjcfegclmkg/content-script.js:322
[    1702ms] [LOG] BODY END Tue Apr 07 2026 15:04:18 GMT+0200 (Mitteleuropäische Sommerzeit) 18 275 @ chrome-extension://eelacikjiplnmdingehjfdjcfegclmkg/content-script.js:326
[    1706ms] [LOG] performanceInit START Tue Apr 07 2026 15:04:18 GMT+0200 (Mitteleuropäische Sommerzeit) 18 279 @ chrome-extension://eelacikjiplnmdingehjfdjcfegclmkg/content-script.js:320
[    1706ms] [LOG] BODY START Tue Apr 07 2026 15:04:18 GMT+0200 (Mitteleuropäische Sommerzeit) 18 280 @ chrome-extension://eelacikjiplnmdingehjfdjcfegclmkg/content-script.js:322
[    1707ms] [LOG] BODY END Tue Apr 07 2026 15:04:18 GMT+0200 (Mitteleuropäische Sommerzeit) 18 281 @ chrome-extension://eelacikjiplnmdingehjfdjcfegclmkg/content-script.js:326
[    7340ms] [ERROR] Failed to load resource: net::ERR_BLOCKED_BY_CLIENT @ https://us.i.posthog.com/e/?retry_count=1&ip=1&_=1775567063904&ver=1.255.1&compression=gzip-js:0
[   13354ms] [ERROR] Failed to load resource: net::ERR_BLOCKED_BY_CLIENT @ https://us.i.posthog.com/e/?retry_count=1&ip=1&_=1775567069921&ver=1.255.1&compression=gzip-js:0
[   25373ms] [ERROR] Failed to load resource: net::ERR_BLOCKED_BY_CLIENT @ https://us.i.posthog.com/e/?retry_count=1&ip=1&_=1775567081942&ver=1.255.1&compression=gzip-js:0
[   32208ms] [ERROR] Failed to load resource: net::ERR_BLOCKED_BY_CLIENT @ https://www.firecrawl.dev/monitoring?o=4510354045468672&p=4510354057330688&r=us:0
[   32223ms] [ERROR] Failed to load resource: net::ERR_BLOCKED_BY_CLIENT @ https://www.firecrawl.dev/monitoring?o=4510354045468672&p=4510354057330688&r=us:0
[   32293ms] [LOG] performanceInit START Tue Apr 07 2026 15:04:48 GMT+0200 (Mitteleuropäische Sommerzeit) 48 866 @ chrome-extension://eelacikjiplnmdingehjfdjcfegclmkg/content-script.js:320
[   32293ms] [LOG] BODY START Tue Apr 07 2026 15:04:48 GMT+0200 (Mitteleuropäische Sommerzeit) 48 867 @ chrome-extension://eelacikjiplnmdingehjfdjcfegclmkg/content-script.js:322
[   32295ms] [LOG] BODY END Tue Apr 07 2026 15:04:48 GMT+0200 (Mitteleuropäische Sommerzeit) 48 869 @ chrome-extension://eelacikjiplnmdingehjfdjcfegclmkg/content-script.js:326
[   32296ms] [LOG] performanceInit START Tue Apr 07 2026 15:04:48 GMT+0200 (Mitteleuropäische Sommerzeit) 48 870 @ chrome-extension://eelacikjiplnmdingehjfdjcfegclmkg/content-script.js:320
[   32296ms] [LOG] BODY START Tue Apr 07 2026 15:04:48 GMT+0200 (Mitteleuropäische Sommerzeit) 48 870 @ chrome-extension://eelacikjiplnmdingehjfdjcfegclmkg/content-script.js:322
[   32297ms] [LOG] BODY END Tue Apr 07 2026 15:04:48 GMT+0200 (Mitteleuropäische Sommerzeit) 48 871 @ chrome-extension://eelacikjiplnmdingehjfdjcfegclmkg/content-script.js:326
[   55410ms] [ERROR] Failed to load resource: net::ERR_BLOCKED_BY_CLIENT @ https://us.i.posthog.com/e/?retry_count=1&ip=1&_=1775567111976&ver=1.255.1&compression=gzip-js:0
[  102294ms] [LOG] Token verified with score 0.9 @ https://www.firecrawl.dev/_next/static/chunks/e1d3794ea6523fea.js?dpl=dpl_4Ynhxny5ZxajwvGYRLdcYrYWRHdx:18
[  102831ms] [LOG] performanceInit START Tue Apr 07 2026 15:05:59 GMT+0200 (Mitteleuropäische Sommerzeit) 59 404 @ chrome-extension://eelacikjiplnmdingehjfdjcfegclmkg/content-script.js:320
[  102831ms] [LOG] BODY START Tue Apr 07 2026 15:05:59 GMT+0200 (Mitteleuropäische Sommerzeit) 59 404 @ chrome-extension://eelacikjiplnmdingehjfdjcfegclmkg/content-script.js:322
[  102832ms] [LOG] BODY END Tue Apr 07 2026 15:05:59 GMT+0200 (Mitteleuropäische Sommerzeit) 59 405 @ chrome-extension://eelacikjiplnmdingehjfdjcfegclmkg/content-script.js:326
[  103487ms] [ERROR] Failed to load resource: net::ERR_BLOCKED_BY_CLIENT @ https://www.firecrawl.dev/monitoring?o=4510354045468672&p=4510354057330688&r=us:0
[  103508ms] [ERROR] Failed to load resource: net::ERR_BLOCKED_BY_CLIENT @ https://us-assets.i.posthog.com/static/posthog-recorder.js?v=1.255.1:0
[  103554ms] [ERROR] Failed to load resource: net::ERR_BLOCKED_BY_CLIENT @ https://us.i.posthog.com/e/?ip=1&_=1775567160118&ver=1.255.1&compression=gzip-js:0
[  103578ms] [ERROR] Failed to load resource: net::ERR_BLOCKED_BY_CLIENT @ https://www.firecrawl.dev/_vercel/insights/script.js:0
[  103589ms] [LOG] [Vercel Web Analytics] Failed to load script from /_vercel/insights/script.js. Be sure to enable Web Analytics for your project and deploy again. See https://vercel.com/docs/analytics/quickstart for more information. @ https://www.firecrawl.dev/_next/static/chunks/e1d3794ea6523fea.js?dpl=dpl_4Ynhxny5ZxajwvGYRLdcYrYWRHdx:18
[  103590ms] [LOG] performanceInit START Tue Apr 07 2026 15:06:00 GMT+0200 (Mitteleuropäische Sommerzeit) 0 164 @ chrome-extension://eelacikjiplnmdingehjfdjcfegclmkg/content-script.js:320
[  103590ms] [LOG] BODY START Tue Apr 07 2026 15:06:00 GMT+0200 (Mitteleuropäische Sommerzeit) 0 164 @ chrome-extension://eelacikjiplnmdingehjfdjcfegclmkg/content-script.js:322
[  103591ms] [LOG] BODY END Tue Apr 07 2026 15:06:00 GMT+0200 (Mitteleuropäische Sommerzeit) 0 165 @ chrome-extension://eelacikjiplnmdingehjfdjcfegclmkg/content-script.js:326
[  103611ms] [ERROR] Failed to load resource: net::ERR_BLOCKED_BY_CLIENT @ https://www.firecrawl.dev/_vercel/speed-insights/script.js:0
[  103625ms] [LOG] [Vercel Speed Insights] Failed to load script from /_vercel/speed-insights/script.js. Please check if any content blockers are enabled and try again. @ https://www.firecrawl.dev/_next/static/chunks/e1d3794ea6523fea.js?dpl=dpl_4Ynhxny5ZxajwvGYRLdcYrYWRHdx:18
[  104876ms] [INFO] Loading the font 'https://js.stripe.com/assets/fonts/fa-brands-400.woff2' violates the following Content Security Policy directive: "font-src 'none'". The policy is report-only, so the violation has been logged but no further action has been taken. @ chrome-extension://eelacikjiplnmdingehjfdjcfegclmkg/content-script.js:643
[  104877ms] [ERROR] Loading the font 'https://js.stripe.com/assets/fonts/fa-brands-400.woff2' violates the following Content Security Policy directive: "font-src 'none'". The action has been blocked. @ chrome-extension://eelacikjiplnmdingehjfdjcfegclmkg/content-script.js:643
[  104877ms] [INFO] Loading the font 'https://js.stripe.com/assets/fonts/fa-regular-400.woff2' violates the following Content Security Policy directive: "font-src 'none'". The policy is report-only, so the violation has been logged but no further action has been taken. @ chrome-extension://eelacikjiplnmdingehjfdjcfegclmkg/content-script.js:643
[  104878ms] [ERROR] Loading the font 'https://js.stripe.com/assets/fonts/fa-regular-400.woff2' violates the following Content Security Policy directive: "font-src 'none'". The action has been blocked. @ chrome-extension://eelacikjiplnmdingehjfdjcfegclmkg/content-script.js:643
[  104878ms] [INFO] Loading the font 'https://js.stripe.com/assets/fonts/fa-solid-900.woff2' violates the following Content Security Policy directive: "font-src 'none'". The policy is report-only, so the violation has been logged but no further action has been taken. @ chrome-extension://eelacikjiplnmdingehjfdjcfegclmkg/content-script.js:643
[  104879ms] [ERROR] Loading the font 'https://js.stripe.com/assets/fonts/fa-solid-900.woff2' violates the following Content Security Policy directive: "font-src 'none'". The action has been blocked. @ chrome-extension://eelacikjiplnmdingehjfdjcfegclmkg/content-script.js:643
[  104879ms] [INFO] Loading the font 'https://js.stripe.com/assets/fonts/fa-brands-400.woff2' violates the following Content Security Policy directive: "font-src 'none'". The policy is report-only, so the violation has been logged but no further action has been taken. @ chrome-extension://eelacikjiplnmdingehjfdjcfegclmkg/content-script.js:643
[  104879ms] [ERROR] Loading the font 'https://js.stripe.com/assets/fonts/fa-brands-400.woff2' violates the following Content Security Policy directive: "font-src 'none'". The action has been blocked. @ chrome-extension://eelacikjiplnmdingehjfdjcfegclmkg/content-script.js:643
[  104882ms] [INFO] Loading the font 'https://js.stripe.com/assets/fonts/fa-solid-900.woff2' violates the following Content Security Policy directive: "font-src 'none'". The policy is report-only, so the violation has been logged but no further action has been taken. @ chrome-extension://eelacikjiplnmdingehjfdjcfegclmkg/content-script.js:643
[  104882ms] [ERROR] Loading the font 'https://js.stripe.com/assets/fonts/fa-solid-900.woff2' violates the following Content Security Policy directive: "font-src 'none'". The action has been blocked. @ chrome-extension://eelacikjiplnmdingehjfdjcfegclmkg/content-script.js:643
[  104882ms] [INFO] Loading the font 'https://js.stripe.com/assets/fonts/fa-regular-400.woff2' violates the following Content Security Policy directive: "font-src 'none'". The policy is report-only, so the violation has been logged but no further action has been taken. @ chrome-extension://eelacikjiplnmdingehjfdjcfegclmkg/content-script.js:643
[  104883ms] [ERROR] Loading the font 'https://js.stripe.com/assets/fonts/fa-regular-400.woff2' violates the following Content Security Policy directive: "font-src 'none'". The action has been blocked. @ chrome-extension://eelacikjiplnmdingehjfdjcfegclmkg/content-script.js:643
[  104883ms] [INFO] Loading the font 'https://js.stripe.com/assets/fonts/fa-solid-900.woff2' violates the following Content Security Policy directive: "font-src 'none'". The policy is report-only, so the violation has been logged but no further action has been taken. @ chrome-extension://eelacikjiplnmdingehjfdjcfegclmkg/content-script.js:643
[  104883ms] [ERROR] Loading the font 'https://js.stripe.com/assets/fonts/fa-solid-900.woff2' violates the following Content Security Policy directive: "font-src 'none'". The action has been blocked. @ chrome-extension://eelacikjiplnmdingehjfdjcfegclmkg/content-script.js:643
[  104883ms] [INFO] Loading the font 'https://js.stripe.com/assets/fonts/fa-brands-400.woff2' violates the following Content Security Policy directive: "font-src 'none'". The policy is report-only, so the violation has been logged but no further action has been taken. @ chrome-extension://eelacikjiplnmdingehjfdjcfegclmkg/content-script.js:643
[  104883ms] [ERROR] Loading the font 'https://js.stripe.com/assets/fonts/fa-brands-400.woff2' violates the following Content Security Policy directive: "font-src 'none'". The action has been blocked. @ chrome-extension://eelacikjiplnmdingehjfdjcfegclmkg/content-script.js:643
[  104884ms] [INFO] Loading the font 'https://js.stripe.com/assets/fonts/fa-regular-400.woff2' violates the following Content Security Policy directive: "font-src 'none'". The policy is report-only, so the violation has been logged but no further action has been taken. @ chrome-extension://eelacikjiplnmdingehjfdjcfegclmkg/content-script.js:643
[  104884ms] [ERROR] Loading the font 'https://js.stripe.com/assets/fonts/fa-regular-400.woff2' violates the following Content Security Policy directive: "font-src 'none'". The action has been blocked. @ chrome-extension://eelacikjiplnmdingehjfdjcfegclmkg/content-script.js:643
[  104884ms] [INFO] Loading the font 'https://js.stripe.com/assets/fonts/fa-v4compatibility.woff2' violates the following Content Security Policy directive: "font-src 'none'". The policy is report-only, so the violation has been logged but no further action has been taken. @ chrome-extension://eelacikjiplnmdingehjfdjcfegclmkg/content-script.js:643
[  104885ms] [ERROR] Loading the font 'https://js.stripe.com/assets/fonts/fa-v4compatibility.woff2' violates the following Content Security Policy directive: "font-src 'none'". The action has been blocked. @ chrome-extension://eelacikjiplnmdingehjfdjcfegclmkg/content-script.js:643
[  104885ms] [INFO] Loading the font 'https://js.stripe.com/assets/fonts/Simple-Line-Icons.woff2' violates the following Content Security Policy directive: "font-src 'none'". The policy is report-only, so the violation has been logged but no further action has been taken. @ chrome-extension://eelacikjiplnmdingehjfdjcfegclmkg/content-script.js:643
[  104886ms] [ERROR] Loading the font 'https://js.stripe.com/assets/fonts/Simple-Line-Icons.woff2' violates the following Content Security Policy directive: "font-src 'none'". The action has been blocked. @ chrome-extension://eelacikjiplnmdingehjfdjcfegclmkg/content-script.js:643
[  104886ms] [INFO] Loading the font 'https://js.stripe.com/assets/fonts/Simple-Line-Icons.ttf' violates the following Content Security Policy directive: "font-src 'none'". The policy is report-only, so the violation has been logged but no further action has been taken. @ chrome-extension://eelacikjiplnmdingehjfdjcfegclmkg/content-script.js:643
[  104887ms] [ERROR] Loading the font 'https://js.stripe.com/assets/fonts/Simple-Line-Icons.ttf' violates the following Content Security Policy directive: "font-src 'none'". The action has been blocked. @ chrome-extension://eelacikjiplnmdingehjfdjcfegclmkg/content-script.js:643
[  104888ms] [INFO] Loading the font 'https://js.stripe.com/assets/fonts/Simple-Line-Icons.woff' violates the following Content Security Policy directive: "font-src 'none'". The policy is report-only, so the violation has been logged but no further action has been taken. @ chrome-extension://eelacikjiplnmdingehjfdjcfegclmkg/content-script.js:643
[  104888ms] [ERROR] Loading the font 'https://js.stripe.com/assets/fonts/Simple-Line-Icons.woff' violates the following Content Security Policy directive: "font-src 'none'". The action has been blocked. @ chrome-extension://eelacikjiplnmdingehjfdjcfegclmkg/content-script.js:643
[  106512ms] [ERROR] Failed to load resource: net::ERR_BLOCKED_BY_CLIENT @ https://us.i.posthog.com/e/?ip=1&_=1775567163081&ver=1.255.1&compression=gzip-js:0
[  109574ms] [ERROR] Failed to load resource: net::ERR_BLOCKED_BY_CLIENT @ https://us.i.posthog.com/e/?retry_count=1&ip=1&_=1775567166143&ver=1.255.1&compression=gzip-js:0
[  112594ms] [ERROR] Failed to load resource: net::ERR_BLOCKED_BY_CLIENT @ https://us.i.posthog.com/e/?retry_count=1&ip=1&_=1775567169160&ver=1.255.1&compression=gzip-js:0
[  118608ms] [ERROR] Failed to load resource: net::ERR_BLOCKED_BY_CLIENT @ https://us.i.posthog.com/e/?retry_count=1&ip=1&_=1775567175176&ver=1.255.1&compression=gzip-js:0
