[     811ms] [ERROR] Failed to load resource: net::ERR_BLOCKED_BY_CLIENT @ https://www.firecrawl.dev/monitoring?o=4510354045468672&p=4510354057330688&r=us:0
[     859ms] [ERROR] Failed to load resource: net::ERR_BLOCKED_BY_CLIENT @ https://us-assets.i.posthog.com/static/posthog-recorder.js?v=1.255.1:0
[     889ms] [LOG] performanceInit START Tue Apr 07 2026 15:01:32 GMT+0200 (Mitteleuropäische Sommerzeit) 32 876 @ chrome-extension://eelacikjiplnmdingehjfdjcfegclmkg/content-script.js:320
[     889ms] [LOG] BODY START Tue Apr 07 2026 15:01:32 GMT+0200 (Mitteleuropäische Sommerzeit) 32 877 @ chrome-extension://eelacikjiplnmdingehjfdjcfegclmkg/content-script.js:322
[     890ms] [LOG] BODY END Tue Apr 07 2026 15:01:32 GMT+0200 (Mitteleuropäische Sommerzeit) 32 878 @ chrome-extension://eelacikjiplnmdingehjfdjcfegclmkg/content-script.js:326
[     895ms] [ERROR] Failed to load resource: net::ERR_BLOCKED_BY_CLIENT @ https://us.i.posthog.com/e/?ip=1&_=1775566892865&ver=1.255.1&compression=gzip-js:0
[     918ms] [ERROR] Failed to load resource: net::ERR_BLOCKED_BY_CLIENT @ https://www.firecrawl.dev/_vercel/insights/script.js:0
[     947ms] [LOG] [Vercel Web Analytics] Failed to load script from /_vercel/insights/script.js. Be sure to enable Web Analytics for your project and deploy again. See https://vercel.com/docs/analytics/quickstart for more information. @ https://www.firecrawl.dev/_next/static/chunks/e1d3794ea6523fea.js?dpl=dpl_4Ynhxny5ZxajwvGYRLdcYrYWRHdx:18
[     947ms] [LOG] performanceInit START Tue Apr 07 2026 15:01:32 GMT+0200 (Mitteleuropäische Sommerzeit) 32 935 @ chrome-extension://eelacikjiplnmdingehjfdjcfegclmkg/content-script.js:320
[     947ms] [LOG] BODY START Tue Apr 07 2026 15:01:32 GMT+0200 (Mitteleuropäische Sommerzeit) 32 935 @ chrome-extension://eelacikjiplnmdingehjfdjcfegclmkg/content-script.js:322
[     948ms] [LOG] BODY END Tue Apr 07 2026 15:01:32 GMT+0200 (Mitteleuropäische Sommerzeit) 32 935 @ chrome-extension://eelacikjiplnmdingehjfdjcfegclmkg/content-script.js:326
[     989ms] [ERROR] Failed to load resource: net::ERR_BLOCKED_BY_CLIENT @ https://www.firecrawl.dev/_vercel/speed-insights/script.js:0
[     992ms] [LOG] [Vercel Speed Insights] Failed to load script from /_vercel/speed-insights/script.js. Please check if any content blockers are enabled and try again. @ https://www.firecrawl.dev/_next/static/chunks/e1d3794ea6523fea.js?dpl=dpl_4Ynhxny5ZxajwvGYRLdcYrYWRHdx:18
[    6921ms] [ERROR] Failed to load resource: net::ERR_BLOCKED_BY_CLIENT @ https://us.i.posthog.com/e/?retry_count=1&ip=1&_=1775566898901&ver=1.255.1&compression=gzip-js:0
[   12938ms] [ERROR] Failed to load resource: net::ERR_BLOCKED_BY_CLIENT @ https://us.i.posthog.com/e/?retry_count=1&ip=1&_=1775566904915&ver=1.255.1&compression=gzip-js:0
[   27968ms] [ERROR] Failed to load resource: net::ERR_BLOCKED_BY_CLIENT @ https://us.i.posthog.com/e/?retry_count=1&ip=1&_=1775566919943&ver=1.255.1&compression=gzip-js:0
[   54992ms] [ERROR] Failed to load resource: net::ERR_BLOCKED_BY_CLIENT @ https://us.i.posthog.com/e/?retry_count=1&ip=1&_=1775566946974&ver=1.255.1&compression=gzip-js:0
[   58947ms] [ERROR] Failed to load resource: net::ERR_BLOCKED_BY_CLIENT @ https://www.firecrawl.dev/monitoring?o=4510354045468672&p=4510354057330688&r=us:0
[   59055ms] [ERROR] Failed to load resource: net::ERR_BLOCKED_BY_CLIENT @ https://us-assets.i.posthog.com/static/posthog-recorder.js?v=1.255.1:0
[   59088ms] [ERROR] Failed to load resource: net::ERR_BLOCKED_BY_CLIENT @ https://us.i.posthog.com/e/?ip=1&_=1775566951054&ver=1.255.1&compression=gzip-js:0
[   59111ms] [ERROR] Failed to load resource: net::ERR_BLOCKED_BY_CLIENT @ https://www.firecrawl.dev/_vercel/insights/script.js:0
[   59115ms] [LOG] [Vercel Web Analytics] Failed to load script from /_vercel/insights/script.js. Be sure to enable Web Analytics for your project and deploy again. See https://vercel.com/docs/analytics/quickstart for more information. @ https://www.firecrawl.dev/_next/static/chunks/e1d3794ea6523fea.js?dpl=dpl_4Ynhxny5ZxajwvGYRLdcYrYWRHdx:18
[   59117ms] [ERROR] Failed to load resource: net::ERR_BLOCKED_BY_CLIENT @ https://www.firecrawl.dev/_vercel/speed-insights/script.js:0
[   59120ms] [LOG] [Vercel Speed Insights] Failed to load script from /_vercel/speed-insights/script.js. Please check if any content blockers are enabled and try again. @ https://www.firecrawl.dev/_next/static/chunks/e1d3794ea6523fea.js?dpl=dpl_4Ynhxny5ZxajwvGYRLdcYrYWRHdx:18
[   59121ms] [LOG] performanceInit START Tue Apr 07 2026 15:02:31 GMT+0200 (Mitteleuropäische Sommerzeit) 31 109 @ chrome-extension://eelacikjiplnmdingehjfdjcfegclmkg/content-script.js:320
[   59122ms] [LOG] BODY START Tue Apr 07 2026 15:02:31 GMT+0200 (Mitteleuropäische Sommerzeit) 31 109 @ chrome-extension://eelacikjiplnmdingehjfdjcfegclmkg/content-script.js:322
[   59123ms] [LOG] BODY END Tue Apr 07 2026 15:02:31 GMT+0200 (Mitteleuropäische Sommerzeit) 31 111 @ chrome-extension://eelacikjiplnmdingehjfdjcfegclmkg/content-script.js:326
[   62098ms] [ERROR] Failed to load resource: net::ERR_BLOCKED_BY_CLIENT @ https://us.i.posthog.com/e/?retry_count=1&ip=1&_=1775566954078&ver=1.255.1&compression=gzip-js:0
[   65101ms] [WARNING] The resource https://www.firecrawl.dev/_next/static/chunks/5ff9868051cdcaf0.css?dpl=dpl_4Ynhxny5ZxajwvGYRLdcYrYWRHdx was preloaded using link preload but not used within a few seconds from the window's load event. Please make sure it has an appropriate `as` value and it is preloaded intentionally. @ https://www.firecrawl.dev/signin/confirm-email?email=hxtatd23hf8i%40corhash.net:0
[   65101ms] [WARNING] The resource https://www.firecrawl.dev/_next/static/media/600-s.p.982cc596.woff2 was preloaded using link preload but not used within a few seconds from the window's load event. Please make sure it has an appropriate `as` value and it is preloaded intentionally. @ https://www.firecrawl.dev/signin/confirm-email?email=hxtatd23hf8i%40corhash.net:0
[   65101ms] [WARNING] The resource https://www.firecrawl.dev/_next/static/media/400-s.p.5d8b2287.woff2 was preloaded using link preload but not used within a few seconds from the window's load event. Please make sure it has an appropriate `as` value and it is preloaded intentionally. @ https://www.firecrawl.dev/signin/confirm-email?email=hxtatd23hf8i%40corhash.net:0
[   65101ms] [WARNING] The resource https://www.firecrawl.dev/_next/static/media/2f13ad8e538108e0-s.p.9b936cf7.woff2 was preloaded using link preload but not used within a few seconds from the window's load event. Please make sure it has an appropriate `as` value and it is preloaded intentionally. @ https://www.firecrawl.dev/signin/confirm-email?email=hxtatd23hf8i%40corhash.net:0
[   65101ms] [WARNING] The resource https://www.firecrawl.dev/_next/static/media/700-s.p.68465396.woff2 was preloaded using link preload but not used within a few seconds from the window's load event. Please make sure it has an appropriate `as` value and it is preloaded intentionally. @ https://www.firecrawl.dev/signin/confirm-email?email=hxtatd23hf8i%40corhash.net:0
[   65101ms] [WARNING] The resource https://www.firecrawl.dev/_next/static/media/500-s.p.653fb14b.woff2 was preloaded using link preload but not used within a few seconds from the window's load event. Please make sure it has an appropriate `as` value and it is preloaded intentionally. @ https://www.firecrawl.dev/signin/confirm-email?email=hxtatd23hf8i%40corhash.net:0
[   65101ms] [WARNING] The resource https://www.firecrawl.dev/_next/static/media/450-s.p.5b3a0036.woff2 was preloaded using link preload but not used within a few seconds from the window's load event. Please make sure it has an appropriate `as` value and it is preloaded intentionally. @ https://www.firecrawl.dev/signin/confirm-email?email=hxtatd23hf8i%40corhash.net:0
[   65101ms] [WARNING] The resource https://www.firecrawl.dev/_next/static/media/GeistMono_Variable.p.73882635.woff2 was preloaded using link preload but not used within a few seconds from the window's load event. Please make sure it has an appropriate `as` value and it is preloaded intentionally. @ https://www.firecrawl.dev/signin/confirm-email?email=hxtatd23hf8i%40corhash.net:0
[   68109ms] [ERROR] Failed to load resource: net::ERR_BLOCKED_BY_CLIENT @ https://us.i.posthog.com/e/?retry_count=1&ip=1&_=1775566960088&ver=1.255.1&compression=gzip-js:0
[   71120ms] [WARNING] The resource https://www.firecrawl.dev/_next/static/chunks/5ff9868051cdcaf0.css?dpl=dpl_4Ynhxny5ZxajwvGYRLdcYrYWRHdx was preloaded using link preload but not used within a few seconds from the window's load event. Please make sure it has an appropriate `as` value and it is preloaded intentionally. @ https://www.firecrawl.dev/signin/confirm-email?email=hxtatd23hf8i%40corhash.net:0
[   71120ms] [WARNING] The resource https://www.firecrawl.dev/_next/static/media/600-s.p.982cc596.woff2 was preloaded using link preload but not used within a few seconds from the window's load event. Please make sure it has an appropriate `as` value and it is preloaded intentionally. @ https://www.firecrawl.dev/signin/confirm-email?email=hxtatd23hf8i%40corhash.net:0
[   71120ms] [WARNING] The resource https://www.firecrawl.dev/_next/static/media/400-s.p.5d8b2287.woff2 was preloaded using link preload but not used within a few seconds from the window's load event. Please make sure it has an appropriate `as` value and it is preloaded intentionally. @ https://www.firecrawl.dev/signin/confirm-email?email=hxtatd23hf8i%40corhash.net:0
[   71120ms] [WARNING] The resource https://www.firecrawl.dev/_next/static/media/2f13ad8e538108e0-s.p.9b936cf7.woff2 was preloaded using link preload but not used within a few seconds from the window's load event. Please make sure it has an appropriate `as` value and it is preloaded intentionally. @ https://www.firecrawl.dev/signin/confirm-email?email=hxtatd23hf8i%40corhash.net:0
[   71120ms] [WARNING] The resource https://www.firecrawl.dev/_next/static/media/700-s.p.68465396.woff2 was preloaded using link preload but not used within a few seconds from the window's load event. Please make sure it has an appropriate `as` value and it is preloaded intentionally. @ https://www.firecrawl.dev/signin/confirm-email?email=hxtatd23hf8i%40corhash.net:0
[   71120ms] [WARNING] The resource https://www.firecrawl.dev/_next/static/media/500-s.p.653fb14b.woff2 was preloaded using link preload but not used within a few seconds from the window's load event. Please make sure it has an appropriate `as` value and it is preloaded intentionally. @ https://www.firecrawl.dev/signin/confirm-email?email=hxtatd23hf8i%40corhash.net:0
[   71120ms] [WARNING] The resource https://www.firecrawl.dev/_next/static/media/450-s.p.5b3a0036.woff2 was preloaded using link preload but not used within a few seconds from the window's load event. Please make sure it has an appropriate `as` value and it is preloaded intentionally. @ https://www.firecrawl.dev/signin/confirm-email?email=hxtatd23hf8i%40corhash.net:0
[   71120ms] [WARNING] The resource https://www.firecrawl.dev/_next/static/media/GeistMono_Variable.p.73882635.woff2 was preloaded using link preload but not used within a few seconds from the window's load event. Please make sure it has an appropriate `as` value and it is preloaded intentionally. @ https://www.firecrawl.dev/signin/confirm-email?email=hxtatd23hf8i%40corhash.net:0
[   80119ms] [ERROR] Failed to load resource: net::ERR_BLOCKED_BY_CLIENT @ https://us.i.posthog.com/e/?retry_count=1&ip=1&_=1775566972100&ver=1.255.1&compression=gzip-js:0
[   83122ms] [WARNING] The resource https://www.firecrawl.dev/_next/static/chunks/5ff9868051cdcaf0.css?dpl=dpl_4Ynhxny5ZxajwvGYRLdcYrYWRHdx was preloaded using link preload but not used within a few seconds from the window's load event. Please make sure it has an appropriate `as` value and it is preloaded intentionally. @ https://www.firecrawl.dev/signin/confirm-email?email=hxtatd23hf8i%40corhash.net:0
[   83122ms] [WARNING] The resource https://www.firecrawl.dev/_next/static/media/600-s.p.982cc596.woff2 was preloaded using link preload but not used within a few seconds from the window's load event. Please make sure it has an appropriate `as` value and it is preloaded intentionally. @ https://www.firecrawl.dev/signin/confirm-email?email=hxtatd23hf8i%40corhash.net:0
[   83122ms] [WARNING] The resource https://www.firecrawl.dev/_next/static/media/400-s.p.5d8b2287.woff2 was preloaded using link preload but not used within a few seconds from the window's load event. Please make sure it has an appropriate `as` value and it is preloaded intentionally. @ https://www.firecrawl.dev/signin/confirm-email?email=hxtatd23hf8i%40corhash.net:0
[   83122ms] [WARNING] The resource https://www.firecrawl.dev/_next/static/media/2f13ad8e538108e0-s.p.9b936cf7.woff2 was preloaded using link preload but not used within a few seconds from the window's load event. Please make sure it has an appropriate `as` value and it is preloaded intentionally. @ https://www.firecrawl.dev/signin/confirm-email?email=hxtatd23hf8i%40corhash.net:0
[   83122ms] [WARNING] The resource https://www.firecrawl.dev/_next/static/media/700-s.p.68465396.woff2 was preloaded using link preload but not used within a few seconds from the window's load event. Please make sure it has an appropriate `as` value and it is preloaded intentionally. @ https://www.firecrawl.dev/signin/confirm-email?email=hxtatd23hf8i%40corhash.net:0
[   83122ms] [WARNING] The resource https://www.firecrawl.dev/_next/static/media/500-s.p.653fb14b.woff2 was preloaded using link preload but not used within a few seconds from the window's load event. Please make sure it has an appropriate `as` value and it is preloaded intentionally. @ https://www.firecrawl.dev/signin/confirm-email?email=hxtatd23hf8i%40corhash.net:0
[   83122ms] [WARNING] The resource https://www.firecrawl.dev/_next/static/media/450-s.p.5b3a0036.woff2 was preloaded using link preload but not used within a few seconds from the window's load event. Please make sure it has an appropriate `as` value and it is preloaded intentionally. @ https://www.firecrawl.dev/signin/confirm-email?email=hxtatd23hf8i%40corhash.net:0
[   83122ms] [WARNING] The resource https://www.firecrawl.dev/_next/static/media/GeistMono_Variable.p.73882635.woff2 was preloaded using link preload but not used within a few seconds from the window's load event. Please make sure it has an appropriate `as` value and it is preloaded intentionally. @ https://www.firecrawl.dev/signin/confirm-email?email=hxtatd23hf8i%40corhash.net:0
[  110164ms] [ERROR] Failed to load resource: net::ERR_BLOCKED_BY_CLIENT @ https://us.i.posthog.com/e/?retry_count=1&ip=1&_=1775567002144&ver=1.255.1&compression=gzip-js:0
[  113169ms] [WARNING] The resource https://www.firecrawl.dev/_next/static/chunks/5ff9868051cdcaf0.css?dpl=dpl_4Ynhxny5ZxajwvGYRLdcYrYWRHdx was preloaded using link preload but not used within a few seconds from the window's load event. Please make sure it has an appropriate `as` value and it is preloaded intentionally. @ https://www.firecrawl.dev/signin/confirm-email?email=hxtatd23hf8i%40corhash.net:0
[  113169ms] [WARNING] The resource https://www.firecrawl.dev/_next/static/media/600-s.p.982cc596.woff2 was preloaded using link preload but not used within a few seconds from the window's load event. Please make sure it has an appropriate `as` value and it is preloaded intentionally. @ https://www.firecrawl.dev/signin/confirm-email?email=hxtatd23hf8i%40corhash.net:0
[  113169ms] [WARNING] The resource https://www.firecrawl.dev/_next/static/media/400-s.p.5d8b2287.woff2 was preloaded using link preload but not used within a few seconds from the window's load event. Please make sure it has an appropriate `as` value and it is preloaded intentionally. @ https://www.firecrawl.dev/signin/confirm-email?email=hxtatd23hf8i%40corhash.net:0
[  113169ms] [WARNING] The resource https://www.firecrawl.dev/_next/static/media/2f13ad8e538108e0-s.p.9b936cf7.woff2 was preloaded using link preload but not used within a few seconds from the window's load event. Please make sure it has an appropriate `as` value and it is preloaded intentionally. @ https://www.firecrawl.dev/signin/confirm-email?email=hxtatd23hf8i%40corhash.net:0
[  113169ms] [WARNING] The resource https://www.firecrawl.dev/_next/static/media/700-s.p.68465396.woff2 was preloaded using link preload but not used within a few seconds from the window's load event. Please make sure it has an appropriate `as` value and it is preloaded intentionally. @ https://www.firecrawl.dev/signin/confirm-email?email=hxtatd23hf8i%40corhash.net:0
[  113169ms] [WARNING] The resource https://www.firecrawl.dev/_next/static/media/500-s.p.653fb14b.woff2 was preloaded using link preload but not used within a few seconds from the window's load event. Please make sure it has an appropriate `as` value and it is preloaded intentionally. @ https://www.firecrawl.dev/signin/confirm-email?email=hxtatd23hf8i%40corhash.net:0
[  113169ms] [WARNING] The resource https://www.firecrawl.dev/_next/static/media/450-s.p.5b3a0036.woff2 was preloaded using link preload but not used within a few seconds from the window's load event. Please make sure it has an appropriate `as` value and it is preloaded intentionally. @ https://www.firecrawl.dev/signin/confirm-email?email=hxtatd23hf8i%40corhash.net:0
[  113169ms] [WARNING] The resource https://www.firecrawl.dev/_next/static/media/GeistMono_Variable.p.73882635.woff2 was preloaded using link preload but not used within a few seconds from the window's load event. Please make sure it has an appropriate `as` value and it is preloaded intentionally. @ https://www.firecrawl.dev/signin/confirm-email?email=hxtatd23hf8i%40corhash.net:0
[  161283ms] [ERROR] Failed to load resource: net::ERR_BLOCKED_BY_CLIENT @ https://us.i.posthog.com/e/?retry_count=1&ip=1&_=1775567053261&ver=1.255.1&compression=gzip-js:0
[  164287ms] [WARNING] The resource https://www.firecrawl.dev/_next/static/chunks/5ff9868051cdcaf0.css?dpl=dpl_4Ynhxny5ZxajwvGYRLdcYrYWRHdx was preloaded using link preload but not used within a few seconds from the window's load event. Please make sure it has an appropriate `as` value and it is preloaded intentionally. @ https://www.firecrawl.dev/signin/confirm-email?email=hxtatd23hf8i%40corhash.net:0
[  164288ms] [WARNING] The resource https://www.firecrawl.dev/_next/static/media/600-s.p.982cc596.woff2 was preloaded using link preload but not used within a few seconds from the window's load event. Please make sure it has an appropriate `as` value and it is preloaded intentionally. @ https://www.firecrawl.dev/signin/confirm-email?email=hxtatd23hf8i%40corhash.net:0
[  164288ms] [WARNING] The resource https://www.firecrawl.dev/_next/static/media/400-s.p.5d8b2287.woff2 was preloaded using link preload but not used within a few seconds from the window's load event. Please make sure it has an appropriate `as` value and it is preloaded intentionally. @ https://www.firecrawl.dev/signin/confirm-email?email=hxtatd23hf8i%40corhash.net:0
[  164288ms] [WARNING] The resource https://www.firecrawl.dev/_next/static/media/2f13ad8e538108e0-s.p.9b936cf7.woff2 was preloaded using link preload but not used within a few seconds from the window's load event. Please make sure it has an appropriate `as` value and it is preloaded intentionally. @ https://www.firecrawl.dev/signin/confirm-email?email=hxtatd23hf8i%40corhash.net:0
[  164288ms] [WARNING] The resource https://www.firecrawl.dev/_next/static/media/700-s.p.68465396.woff2 was preloaded using link preload but not used within a few seconds from the window's load event. Please make sure it has an appropriate `as` value and it is preloaded intentionally. @ https://www.firecrawl.dev/signin/confirm-email?email=hxtatd23hf8i%40corhash.net:0
[  164288ms] [WARNING] The resource https://www.firecrawl.dev/_next/static/media/500-s.p.653fb14b.woff2 was preloaded using link preload but not used within a few seconds from the window's load event. Please make sure it has an appropriate `as` value and it is preloaded intentionally. @ https://www.firecrawl.dev/signin/confirm-email?email=hxtatd23hf8i%40corhash.net:0
[  164288ms] [WARNING] The resource https://www.firecrawl.dev/_next/static/media/450-s.p.5b3a0036.woff2 was preloaded using link preload but not used within a few seconds from the window's load event. Please make sure it has an appropriate `as` value and it is preloaded intentionally. @ https://www.firecrawl.dev/signin/confirm-email?email=hxtatd23hf8i%40corhash.net:0
[  164288ms] [WARNING] The resource https://www.firecrawl.dev/_next/static/media/GeistMono_Variable.p.73882635.woff2 was preloaded using link preload but not used within a few seconds from the window's load event. Please make sure it has an appropriate `as` value and it is preloaded intentionally. @ https://www.firecrawl.dev/signin/confirm-email?email=hxtatd23hf8i%40corhash.net:0
