[     566ms] [ERROR] Failed to load resource: net::ERR_BLOCKED_BY_CLIENT @ https://www.firecrawl.dev/monitoring?o=4510354045468672&p=4510354057330688&r=us:0
[     637ms] [ERROR] Failed to load resource: net::ERR_BLOCKED_BY_CLIENT @ https://us-assets.i.posthog.com/static/posthog-recorder.js?v=1.255.1:0
[     678ms] [ERROR] Failed to load resource: net::ERR_BLOCKED_BY_CLIENT @ https://us.i.posthog.com/e/?ip=1&_=1775566628688&ver=1.255.1&compression=gzip-js:0
[    1017ms] [ERROR] Failed to load resource: net::ERR_BLOCKED_BY_CLIENT @ https://www.firecrawl.dev/monitoring?o=4510354045468672&p=4510354057330688&r=us:0
[    1036ms] [ERROR] Failed to load resource: net::ERR_BLOCKED_BY_CLIENT @ https://us-assets.i.posthog.com/static/posthog-recorder.js?v=1.255.1:0
[    1063ms] [ERROR] Failed to load resource: net::ERR_BLOCKED_BY_CLIENT @ https://us.i.posthog.com/e/?ip=1&_=1775566629078&ver=1.255.1&compression=gzip-js:0
[    1088ms] [ERROR] Failed to load resource: net::ERR_BLOCKED_BY_CLIENT @ https://www.firecrawl.dev/_vercel/insights/script.js:0
[    1113ms] [LOG] [Vercel Web Analytics] Failed to load script from /_vercel/insights/script.js. Be sure to enable Web Analytics for your project and deploy again. See https://vercel.com/docs/analytics/quickstart for more information. @ https://www.firecrawl.dev/_next/static/chunks/847acb0ba6bbc4e2.js?dpl=dpl_CCw2XNPHCyLsoujcF9aehu6qeap1:18
[    1114ms] [LOG] performanceInit START Tue Apr 07 2026 14:57:09 GMT+0200 (Mitteleuropäische Sommerzeit) 9 140 @ chrome-extension://eelacikjiplnmdingehjfdjcfegclmkg/content-script.js:320
[    1115ms] [LOG] BODY START Tue Apr 07 2026 14:57:09 GMT+0200 (Mitteleuropäische Sommerzeit) 9 140 @ chrome-extension://eelacikjiplnmdingehjfdjcfegclmkg/content-script.js:322
[    1115ms] [LOG] BODY END Tue Apr 07 2026 14:57:09 GMT+0200 (Mitteleuropäische Sommerzeit) 9 141 @ chrome-extension://eelacikjiplnmdingehjfdjcfegclmkg/content-script.js:326
[    1132ms] [ERROR] Failed to load resource: net::ERR_BLOCKED_BY_CLIENT @ https://www.firecrawl.dev/_vercel/speed-insights/script.js:0
[    1135ms] [LOG] [Vercel Speed Insights] Failed to load script from /_vercel/speed-insights/script.js. Please check if any content blockers are enabled and try again. @ https://www.firecrawl.dev/_next/static/chunks/847acb0ba6bbc4e2.js?dpl=dpl_CCw2XNPHCyLsoujcF9aehu6qeap1:18
[    7082ms] [ERROR] Failed to load resource: net::ERR_BLOCKED_BY_CLIENT @ https://us.i.posthog.com/e/?retry_count=1&ip=1&_=1775566635097&ver=1.255.1&compression=gzip-js:0
[   16100ms] [ERROR] Failed to load resource: net::ERR_BLOCKED_BY_CLIENT @ https://us.i.posthog.com/e/?retry_count=1&ip=1&_=1775566644120&ver=1.255.1&compression=gzip-js:0
[   28127ms] [ERROR] Failed to load resource: net::ERR_BLOCKED_BY_CLIENT @ https://us.i.posthog.com/e/?retry_count=1&ip=1&_=1775566656143&ver=1.255.1&compression=gzip-js:0
[   58180ms] [ERROR] Failed to load resource: net::ERR_BLOCKED_BY_CLIENT @ https://us.i.posthog.com/e/?retry_count=1&ip=1&_=1775566686190&ver=1.255.1&compression=gzip-js:0
[   93541ms] [ERROR] Failed to load resource: net::ERR_BLOCKED_BY_CLIENT @ https://www.firecrawl.dev/monitoring?o=4510354045468672&p=4510354057330688&r=us:0
[   93647ms] [ERROR] Failed to load resource: net::ERR_BLOCKED_BY_CLIENT @ https://us-assets.i.posthog.com/static/posthog-recorder.js?v=1.255.1:0
[   93685ms] [ERROR] Failed to load resource: net::ERR_BLOCKED_BY_CLIENT @ https://us.i.posthog.com/e/?ip=1&_=1775566721686&ver=1.255.1&compression=gzip-js:0
[   93741ms] [ERROR] Failed to load resource: net::ERR_BLOCKED_BY_CLIENT @ https://www.firecrawl.dev/_vercel/insights/script.js:0
[   93753ms] [LOG] [Vercel Web Analytics] Failed to load script from /_vercel/insights/script.js. Be sure to enable Web Analytics for your project and deploy again. See https://vercel.com/docs/analytics/quickstart for more information. @ https://www.firecrawl.dev/_next/static/chunks/e1d3794ea6523fea.js?dpl=dpl_4Ynhxny5ZxajwvGYRLdcYrYWRHdx:18
[   93753ms] [ERROR] Failed to load resource: net::ERR_BLOCKED_BY_CLIENT @ https://www.firecrawl.dev/_vercel/speed-insights/script.js:0
[   93757ms] [LOG] performanceInit START Tue Apr 07 2026 14:58:41 GMT+0200 (Mitteleuropäische Sommerzeit) 41 783 @ chrome-extension://eelacikjiplnmdingehjfdjcfegclmkg/content-script.js:320
[   93758ms] [LOG] BODY START Tue Apr 07 2026 14:58:41 GMT+0200 (Mitteleuropäische Sommerzeit) 41 783 @ chrome-extension://eelacikjiplnmdingehjfdjcfegclmkg/content-script.js:322
[   93758ms] [LOG] BODY END Tue Apr 07 2026 14:58:41 GMT+0200 (Mitteleuropäische Sommerzeit) 41 784 @ chrome-extension://eelacikjiplnmdingehjfdjcfegclmkg/content-script.js:326
[   93763ms] [LOG] [Vercel Speed Insights] Failed to load script from /_vercel/speed-insights/script.js. Please check if any content blockers are enabled and try again. @ https://www.firecrawl.dev/_next/static/chunks/e1d3794ea6523fea.js?dpl=dpl_4Ynhxny5ZxajwvGYRLdcYrYWRHdx:18
[   96701ms] [ERROR] Failed to load resource: net::ERR_BLOCKED_BY_CLIENT @ https://us.i.posthog.com/e/?retry_count=1&ip=1&_=1775566724714&ver=1.255.1&compression=gzip-js:0
[   99704ms] [WARNING] The resource https://www.firecrawl.dev/_next/static/chunks/5ff9868051cdcaf0.css?dpl=dpl_4Ynhxny5ZxajwvGYRLdcYrYWRHdx was preloaded using link preload but not used within a few seconds from the window's load event. Please make sure it has an appropriate `as` value and it is preloaded intentionally. @ https://www.firecrawl.dev/signin/confirm-email?email=nkdrlnpq4611%40odeask.com:0
[  105713ms] [ERROR] Failed to load resource: net::ERR_BLOCKED_BY_CLIENT @ https://us.i.posthog.com/e/?retry_count=1&ip=1&_=1775566733730&ver=1.255.1&compression=gzip-js:0
[  108721ms] [WARNING] The resource https://www.firecrawl.dev/_next/static/chunks/5ff9868051cdcaf0.css?dpl=dpl_4Ynhxny5ZxajwvGYRLdcYrYWRHdx was preloaded using link preload but not used within a few seconds from the window's load event. Please make sure it has an appropriate `as` value and it is preloaded intentionally. @ https://www.firecrawl.dev/signin/confirm-email?email=nkdrlnpq4611%40odeask.com:0
[  120740ms] [ERROR] Failed to load resource: net::ERR_BLOCKED_BY_CLIENT @ https://us.i.posthog.com/e/?retry_count=1&ip=1&_=1775566748761&ver=1.255.1&compression=gzip-js:0
[  123741ms] [WARNING] The resource https://www.firecrawl.dev/_next/static/chunks/5ff9868051cdcaf0.css?dpl=dpl_4Ynhxny5ZxajwvGYRLdcYrYWRHdx was preloaded using link preload but not used within a few seconds from the window's load event. Please make sure it has an appropriate `as` value and it is preloaded intentionally. @ https://www.firecrawl.dev/signin/confirm-email?email=nkdrlnpq4611%40odeask.com:0
[  147791ms] [ERROR] Failed to load resource: net::ERR_BLOCKED_BY_CLIENT @ https://us.i.posthog.com/e/?retry_count=1&ip=1&_=1775566775806&ver=1.255.1&compression=gzip-js:0
[  150792ms] [WARNING] The resource https://www.firecrawl.dev/_next/static/chunks/5ff9868051cdcaf0.css?dpl=dpl_4Ynhxny5ZxajwvGYRLdcYrYWRHdx was preloaded using link preload but not used within a few seconds from the window's load event. Please make sure it has an appropriate `as` value and it is preloaded intentionally. @ https://www.firecrawl.dev/signin/confirm-email?email=nkdrlnpq4611%40odeask.com:0
[  195877ms] [ERROR] Failed to load resource: net::ERR_BLOCKED_BY_CLIENT @ https://us.i.posthog.com/e/?retry_count=1&ip=1&_=1775566823896&ver=1.255.1&compression=gzip-js:0
[  198888ms] [WARNING] The resource https://www.firecrawl.dev/_next/static/chunks/5ff9868051cdcaf0.css?dpl=dpl_4Ynhxny5ZxajwvGYRLdcYrYWRHdx was preloaded using link preload but not used within a few seconds from the window's load event. Please make sure it has an appropriate `as` value and it is preloaded intentionally. @ https://www.firecrawl.dev/signin/confirm-email?email=nkdrlnpq4611%40odeask.com:0
